<?xml version="1.0" encoding="UTF-8"?>
<!-- Generated by org.testng.reporters.JUnitXMLReporter -->
<testsuite ignored="0" hostname="DESKTOP-BEK9VA8" failures="0" tests="4" name="Default test" time="10.656" errors="0" timestamp="2024-02-10T14:48:26 IST">
  <testcase classname="com.api.tests.UserTest2" name="testPostUser" time="4.793"/>
  <testcase classname="com.api.tests.UserTest2" name="testGetUserByNae" time="1.356"/>
  <testcase classname="com.api.tests.UserTest2" name="testUpdateUserByName" time="2.62"/>
  <testcase classname="com.api.tests.UserTest2" name="testDeleteUserByName" time="1.299"/>
</testsuite> <!-- Default test -->
