<?xml version="1.0" encoding="UTF-8"?>
<!-- Generated by org.testng.reporters.JUnitXMLReporter -->
<testsuite ignored="0" hostname="DESKTOP-BEK9VA8" failures="2" tests="4" name="Test" time="11.335" errors="0" timestamp="2024-02-10T14:53:35 IST">
  <testcase classname="com.api.tests.UserTest" name="testDeleteUserByName" time="4.35">
    <failure type="java.lang.AssertionError" message="expected [200] but found [404]">
      <![CDATA[java.lang.AssertionError: expected [200] but found [404]
at com.api.tests.UserTest.testDeleteUserByName(UserTest.java:80)
at java.base/java.util.ArrayList.forEach(ArrayList.java:1541)
... Removed 38 stack frames]]>
    </failure>
  </testcase> <!-- testDeleteUserByName -->
  <testcase classname="com.api.tests.UserTest" name="testUpdateUserByName" time="3.157"/>
  <testcase classname="com.api.tests.UserTest" name="testPostUser" time="1.36"/>
  <testcase classname="com.api.tests.UserTest" name="testGetUserByNae" time="1.282">
    <failure type="java.lang.AssertionError" message="expected [200] but found [404]">
      <![CDATA[java.lang.AssertionError: expected [200] but found [404]
at com.api.tests.UserTest.testGetUserByNae(UserTest.java:53)
at java.base/java.util.ArrayList.forEach(ArrayList.java:1541)
... Removed 38 stack frames]]>
    </failure>
  </testcase> <!-- testGetUserByNae -->
</testsuite> <!-- Test -->
