<?xml version="1.0" encoding="UTF-8"?>
<testsuite xmlns:xsi="http://www.w3.org/2001/XMLSchema-instance" xsi:noNamespaceSchemaLocation="https://maven.apache.org/surefire/maven-surefire-plugin/xsd/surefire-test-report-3.0.xsd" version="3.0" name="TestSuite" time="13.744" tests="4" errors="0" skipped="0" failures="2">
  <properties>
[...]
</properties>
  <testcase name="testDeleteUserByName" classname="com.api.tests.UserTest" time="4.391">
    <failure message="expected [200] but found [404]" type="java.lang.AssertionError"><![CDATA[java.lang.AssertionError: expected [200] but found [404]
	at org.testng.Assert.fail(Assert.java:111)
	at org.testng.Assert.failNotEquals(Assert.java:1578)
	at org.testng.Assert.assertEqualsImpl(Assert.java:150)
	at org.testng.Assert.assertEquals(Assert.java:132)
	at org.testng.Assert.assertEquals(Assert.java:1419)
	at org.testng.Assert.assertEquals(Assert.java:1383)
	at org.testng.Assert.assertEquals(Assert.java:1429)
	at com.api.tests.UserTest.testDeleteUserByName(UserTest.java:80)
	at java.base/jdk.internal.reflect.NativeMethodAccessorImpl.invoke0(Native Method)
	at java.base/jdk.internal.reflect.NativeMethodAccessorImpl.invoke(NativeMethodAccessorImpl.java:62)
	at java.base/jdk.internal.reflect.DelegatingMethodAccessorImpl.invoke(DelegatingMethodAccessorImpl.java:43)
	at java.base/java.lang.reflect.Method.invoke(Method.java:566)
	at org.testng.internal.invokers.MethodInvocationHelper.invokeMethod(MethodInvocationHelper.java:139)
	at org.testng.internal.invokers.TestInvoker.invokeMethod(TestInvoker.java:664)
	at org.testng.internal.invokers.TestInvoker.invokeTestMethod(TestInvoker.java:228)
	at org.testng.internal.invokers.MethodRunner.runInSequence(MethodRunner.java:63)
	at org.testng.internal.invokers.TestInvoker$MethodInvocationAgent.invoke(TestInvoker.java:961)
	at org.testng.internal.invokers.TestInvoker.invokeTestMethods(TestInvoker.java:201)
	at org.testng.internal.invokers.TestMethodWorker.invokeTestMethods(TestMethodWorker.java:148)
	at org.testng.internal.invokers.TestMethodWorker.run(TestMethodWorker.java:128)
	at java.base/java.util.ArrayList.forEach(ArrayList.java:1541)
	at org.testng.TestRunner.privateRun(TestRunner.java:819)
	at org.testng.TestRunner.run(TestRunner.java:619)
	at org.testng.SuiteRunner.runTest(SuiteRunner.java:443)
	at org.testng.SuiteRunner.runSequentially(SuiteRunner.java:437)
	at org.testng.SuiteRunner.privateRun(SuiteRunner.java:397)
	at org.testng.SuiteRunner.run(SuiteRunner.java:336)
	at org.testng.SuiteRunnerWorker.runSuite(SuiteRunnerWorker.java:52)
	at org.testng.SuiteRunnerWorker.run(SuiteRunnerWorker.java:95)
	at org.testng.TestNG.runSuitesSequentially(TestNG.java:1301)
	at org.testng.TestNG.runSuitesLocally(TestNG.java:1228)
	at org.testng.TestNG.runSuites(TestNG.java:1134)
	at org.testng.TestNG.run(TestNG.java:1101)
	at org.apache.maven.surefire.testng.TestNGExecutor.run(TestNGExecutor.java:308)
	at org.apache.maven.surefire.testng.TestNGXmlTestSuite.execute(TestNGXmlTestSuite.java:71)
	at org.apache.maven.surefire.testng.TestNGProvider.invoke(TestNGProvider.java:113)
	at org.apache.maven.surefire.booter.ForkedBooter.runSuitesInProcess(ForkedBooter.java:385)
	at org.apache.maven.surefire.booter.ForkedBooter.execute(ForkedBooter.java:162)
	at org.apache.maven.surefire.booter.ForkedBooter.run(ForkedBooter.java:507)
	at org.apache.maven.surefire.booter.ForkedBooter.main(ForkedBooter.java:495)
]]></failure>
    <system-out><![CDATA[02-10-2024 14:53:27 BasicClientConnectionManager.java DEBUG [main] conn.BasicClientConnectionManager 161 - Get connection for route {s}->https://petstore.swagger.io:443
02-10-2024 14:53:27 DefaultClientConnectionOperator.java DEBUG [main] conn.DefaultClientConnectionOperator 177 - Connecting to petstore.swagger.io:443
02-10-2024 14:53:28 RequestAddCookies.java DEBUG [main] protocol.RequestAddCookies 123 - CookieSpec selected: ignoreCookies
02-10-2024 14:53:28 RequestAuthCache.java DEBUG [main] protocol.RequestAuthCache 77 - Auth cache not set in the context
02-10-2024 14:53:28 RequestTargetAuthentication.java DEBUG [main] protocol.RequestTargetAuthentication 80 - Target auth state: UNCHALLENGED
02-10-2024 14:53:28 RequestProxyAuthentication.java DEBUG [main] protocol.RequestProxyAuthentication 89 - Proxy auth state: UNCHALLENGED
02-10-2024 14:53:28 DefaultRequestDirector.java DEBUG [main] client.DefaultHttpClient 677 - Attempt 1 to execute request
02-10-2024 14:53:28 DefaultClientConnection.java DEBUG [main] conn.DefaultClientConnection 274 - Sending request: DELETE /v2/user/simon.schowalter HTTP/1.1
02-10-2024 14:53:28 Wire.java DEBUG [main] http.wire 73 -  >> "DELETE /v2/user/simon.schowalter HTTP/1.1[\r][\n]"
02-10-2024 14:53:28 Wire.java DEBUG [main] http.wire 73 -  >> "Accept: */*[\r][\n]"
02-10-2024 14:53:28 Wire.java DEBUG [main] http.wire 73 -  >> "Host: petstore.swagger.io[\r][\n]"
02-10-2024 14:53:28 Wire.java DEBUG [main] http.wire 73 -  >> "Connection: Keep-Alive[\r][\n]"
02-10-2024 14:53:28 Wire.java DEBUG [main] http.wire 73 -  >> "User-Agent: Apache-HttpClient/4.5.13 (Java/11.0.18)[\r][\n]"
02-10-2024 14:53:28 Wire.java DEBUG [main] http.wire 73 -  >> "Accept-Encoding: gzip,deflate[\r][\n]"
02-10-2024 14:53:28 Wire.java DEBUG [main] http.wire 73 -  >> "[\r][\n]"
02-10-2024 14:53:28 DefaultClientConnection.java DEBUG [main] http.headers 278 - >> DELETE /v2/user/simon.schowalter HTTP/1.1
02-10-2024 14:53:28 DefaultClientConnection.java DEBUG [main] http.headers 281 - >> Accept: */*
02-10-2024 14:53:28 DefaultClientConnection.java DEBUG [main] http.headers 281 - >> Host: petstore.swagger.io
02-10-2024 14:53:28 DefaultClientConnection.java DEBUG [main] http.headers 281 - >> Connection: Keep-Alive
02-10-2024 14:53:28 DefaultClientConnection.java DEBUG [main] http.headers 281 - >> User-Agent: Apache-HttpClient/4.5.13 (Java/11.0.18)
02-10-2024 14:53:28 DefaultClientConnection.java DEBUG [main] http.headers 281 - >> Accept-Encoding: gzip,deflate
02-10-2024 14:53:28 Wire.java DEBUG [main] http.wire 73 -  << "HTTP/1.1 404 Not Found[\r][\n]"
02-10-2024 14:53:28 Wire.java DEBUG [main] http.wire 73 -  << "Date: Sat, 10 Feb 2024 09:23:29 GMT[\r][\n]"
02-10-2024 14:53:28 Wire.java DEBUG [main] http.wire 73 -  << "Content-Length: 0[\r][\n]"
02-10-2024 14:53:28 Wire.java DEBUG [main] http.wire 73 -  << "Connection: keep-alive[\r][\n]"
02-10-2024 14:53:28 Wire.java DEBUG [main] http.wire 73 -  << "Access-Control-Allow-Origin: *[\r][\n]"
02-10-2024 14:53:28 Wire.java DEBUG [main] http.wire 73 -  << "Access-Control-Allow-Methods: GET, POST, DELETE, PUT[\r][\n]"
02-10-2024 14:53:28 Wire.java DEBUG [main] http.wire 73 -  << "Access-Control-Allow-Headers: Content-Type, api_key, Authorization[\r][\n]"
02-10-2024 14:53:28 Wire.java DEBUG [main] http.wire 73 -  << "Server: Jetty(9.2.9.v20150224)[\r][\n]"
02-10-2024 14:53:28 Wire.java DEBUG [main] http.wire 73 -  << "[\r][\n]"
02-10-2024 14:53:28 DefaultClientConnection.java DEBUG [main] conn.DefaultClientConnection 259 - Receiving response: HTTP/1.1 404 Not Found
02-10-2024 14:53:28 DefaultClientConnection.java DEBUG [main] http.headers 262 - << HTTP/1.1 404 Not Found
02-10-2024 14:53:28 DefaultClientConnection.java DEBUG [main] http.headers 265 - << Date: Sat, 10 Feb 2024 09:23:29 GMT
02-10-2024 14:53:28 DefaultClientConnection.java DEBUG [main] http.headers 265 - << Content-Length: 0
02-10-2024 14:53:28 DefaultClientConnection.java DEBUG [main] http.headers 265 - << Connection: keep-alive
02-10-2024 14:53:28 DefaultClientConnection.java DEBUG [main] http.headers 265 - << Access-Control-Allow-Origin: *
02-10-2024 14:53:28 DefaultClientConnection.java DEBUG [main] http.headers 265 - << Access-Control-Allow-Methods: GET, POST, DELETE, PUT
02-10-2024 14:53:28 DefaultClientConnection.java DEBUG [main] http.headers 265 - << Access-Control-Allow-Headers: Content-Type, api_key, Authorization
02-10-2024 14:53:28 DefaultClientConnection.java DEBUG [main] http.headers 265 - << Server: Jetty(9.2.9.v20150224)
02-10-2024 14:53:28 DefaultRequestDirector.java DEBUG [main] client.DefaultHttpClient 504 - Connection can be kept alive indefinitely
HTTP/1.1 404 Not Found
Date: Sat, 10 Feb 2024 09:23:29 GMT
Content-Length: 0
Connection: keep-alive
Access-Control-Allow-Origin: *
Access-Control-Allow-Methods: GET, POST, DELETE, PUT
Access-Control-Allow-Headers: Content-Type, api_key, Authorization
Server: Jetty(9.2.9.v20150224)
]]></system-out>
    <system-err><![CDATA[SLF4J: Failed to load class "org.slf4j.impl.StaticLoggerBinder".
SLF4J: Defaulting to no-operation (NOP) logger implementation
SLF4J: See http://www.slf4j.org/codes.html#StaticLoggerBinder for further details.
]]></system-err>
  </testcase>
  <testcase name="testUpdateUserByName" classname="com.api.tests.UserTest" time="3.168">
    <system-out><![CDATA[02-10-2024 14:53:29 BasicClientConnectionManager.java DEBUG [main] conn.BasicClientConnectionManager 161 - Get connection for route {s}->https://petstore.swagger.io:443
02-10-2024 14:53:29 DefaultClientConnectionOperator.java DEBUG [main] conn.DefaultClientConnectionOperator 177 - Connecting to petstore.swagger.io:443
02-10-2024 14:53:30 RequestAddCookies.java DEBUG [main] protocol.RequestAddCookies 123 - CookieSpec selected: ignoreCookies
02-10-2024 14:53:30 RequestAuthCache.java DEBUG [main] protocol.RequestAuthCache 77 - Auth cache not set in the context
02-10-2024 14:53:30 RequestTargetAuthentication.java DEBUG [main] protocol.RequestTargetAuthentication 80 - Target auth state: UNCHALLENGED
02-10-2024 14:53:30 RequestProxyAuthentication.java DEBUG [main] protocol.RequestProxyAuthentication 89 - Proxy auth state: UNCHALLENGED
02-10-2024 14:53:30 DefaultRequestDirector.java DEBUG [main] client.DefaultHttpClient 677 - Attempt 1 to execute request
02-10-2024 14:53:30 DefaultClientConnection.java DEBUG [main] conn.DefaultClientConnection 274 - Sending request: PUT /v2/user/simon.schowalter HTTP/1.1
02-10-2024 14:53:30 Wire.java DEBUG [main] http.wire 73 -  >> "PUT /v2/user/simon.schowalter HTTP/1.1[\r][\n]"
02-10-2024 14:53:30 Wire.java DEBUG [main] http.wire 73 -  >> "Accept: application/json, application/javascript, text/javascript, text/json[\r][\n]"
02-10-2024 14:53:30 Wire.java DEBUG [main] http.wire 73 -  >> "Content-Type: application/json[\r][\n]"
02-10-2024 14:53:30 Wire.java DEBUG [main] http.wire 73 -  >> "Content-Length: 179[\r][\n]"
02-10-2024 14:53:30 Wire.java DEBUG [main] http.wire 73 -  >> "Host: petstore.swagger.io[\r][\n]"
02-10-2024 14:53:30 Wire.java DEBUG [main] http.wire 73 -  >> "Connection: Keep-Alive[\r][\n]"
02-10-2024 14:53:30 Wire.java DEBUG [main] http.wire 73 -  >> "User-Agent: Apache-HttpClient/4.5.13 (Java/11.0.18)[\r][\n]"
02-10-2024 14:53:30 Wire.java DEBUG [main] http.wire 73 -  >> "Accept-Encoding: gzip,deflate[\r][\n]"
02-10-2024 14:53:30 Wire.java DEBUG [main] http.wire 73 -  >> "[\r][\n]"
02-10-2024 14:53:30 DefaultClientConnection.java DEBUG [main] http.headers 278 - >> PUT /v2/user/simon.schowalter HTTP/1.1
02-10-2024 14:53:30 DefaultClientConnection.java DEBUG [main] http.headers 281 - >> Accept: application/json, application/javascript, text/javascript, text/json
02-10-2024 14:53:30 DefaultClientConnection.java DEBUG [main] http.headers 281 - >> Content-Type: application/json
02-10-2024 14:53:30 DefaultClientConnection.java DEBUG [main] http.headers 281 - >> Content-Length: 179
02-10-2024 14:53:30 DefaultClientConnection.java DEBUG [main] http.headers 281 - >> Host: petstore.swagger.io
02-10-2024 14:53:30 DefaultClientConnection.java DEBUG [main] http.headers 281 - >> Connection: Keep-Alive
02-10-2024 14:53:30 DefaultClientConnection.java DEBUG [main] http.headers 281 - >> User-Agent: Apache-HttpClient/4.5.13 (Java/11.0.18)
02-10-2024 14:53:30 DefaultClientConnection.java DEBUG [main] http.headers 281 - >> Accept-Encoding: gzip,deflate
02-10-2024 14:53:30 Wire.java DEBUG [main] http.wire 87 -  >> "{"id":1852661033,"userName":"simon.schowalter","firstName":"Joshua","lastName":"Moen","email":"preston.davis@example.com","password":"kkkb5","phone":"779-694-5861","userStatus":0}"
02-10-2024 14:53:30 Wire.java DEBUG [main] http.wire 73 -  << "HTTP/1.1 200 OK[\r][\n]"
02-10-2024 14:53:30 Wire.java DEBUG [main] http.wire 73 -  << "Date: Sat, 10 Feb 2024 09:23:31 GMT[\r][\n]"
02-10-2024 14:53:30 Wire.java DEBUG [main] http.wire 73 -  << "Content-Type: application/json[\r][\n]"
02-10-2024 14:53:30 Wire.java DEBUG [main] http.wire 73 -  << "Transfer-Encoding: chunked[\r][\n]"
02-10-2024 14:53:30 Wire.java DEBUG [main] http.wire 73 -  << "Connection: keep-alive[\r][\n]"
02-10-2024 14:53:30 Wire.java DEBUG [main] http.wire 73 -  << "Access-Control-Allow-Origin: *[\r][\n]"
02-10-2024 14:53:30 Wire.java DEBUG [main] http.wire 73 -  << "Access-Control-Allow-Methods: GET, POST, DELETE, PUT[\r][\n]"
02-10-2024 14:53:30 Wire.java DEBUG [main] http.wire 73 -  << "Access-Control-Allow-Headers: Content-Type, api_key, Authorization[\r][\n]"
02-10-2024 14:53:30 Wire.java DEBUG [main] http.wire 73 -  << "Server: Jetty(9.2.9.v20150224)[\r][\n]"
02-10-2024 14:53:30 Wire.java DEBUG [main] http.wire 73 -  << "[\r][\n]"
02-10-2024 14:53:30 DefaultClientConnection.java DEBUG [main] conn.DefaultClientConnection 259 - Receiving response: HTTP/1.1 200 OK
02-10-2024 14:53:30 DefaultClientConnection.java DEBUG [main] http.headers 262 - << HTTP/1.1 200 OK
02-10-2024 14:53:30 DefaultClientConnection.java DEBUG [main] http.headers 265 - << Date: Sat, 10 Feb 2024 09:23:31 GMT
02-10-2024 14:53:30 DefaultClientConnection.java DEBUG [main] http.headers 265 - << Content-Type: application/json
02-10-2024 14:53:30 DefaultClientConnection.java DEBUG [main] http.headers 265 - << Transfer-Encoding: chunked
02-10-2024 14:53:30 DefaultClientConnection.java DEBUG [main] http.headers 265 - << Connection: keep-alive
02-10-2024 14:53:30 DefaultClientConnection.java DEBUG [main] http.headers 265 - << Access-Control-Allow-Origin: *
02-10-2024 14:53:30 DefaultClientConnection.java DEBUG [main] http.headers 265 - << Access-Control-Allow-Methods: GET, POST, DELETE, PUT
02-10-2024 14:53:30 DefaultClientConnection.java DEBUG [main] http.headers 265 - << Access-Control-Allow-Headers: Content-Type, api_key, Authorization
02-10-2024 14:53:30 DefaultClientConnection.java DEBUG [main] http.headers 265 - << Server: Jetty(9.2.9.v20150224)
02-10-2024 14:53:30 DefaultRequestDirector.java DEBUG [main] client.DefaultHttpClient 504 - Connection can be kept alive indefinitely
02-10-2024 14:53:30 HTTPBuilder.java DEBUG [main] internal.RestAssuredHttpBuilder 553 - Parsing response as: application/json
02-10-2024 14:53:30 HTTPBuilder.java DEBUG [main] internal.RestAssuredHttpBuilder 556 - Parsed data to instance of: class org.apache.http.conn.EofSensorInputStream
02-10-2024 14:53:30 Wire.java DEBUG [main] http.wire 73 -  << "34[\r][\n]"
02-10-2024 14:53:30 Wire.java DEBUG [main] http.wire 87 -  << "{"code":200,"type":"unknown","message":"1852661033"}"
02-10-2024 14:53:30 Wire.java DEBUG [main] http.wire 73 -  << "[\r][\n]"
02-10-2024 14:53:30 Wire.java DEBUG [main] http.wire 73 -  << "0[\r][\n]"
02-10-2024 14:53:30 Wire.java DEBUG [main] http.wire 73 -  << "[\r][\n]"
02-10-2024 14:53:30 BasicClientConnectionManager.java DEBUG [main] conn.BasicClientConnectionManager 200 - Releasing connection org.apache.http.impl.conn.ManagedClientConnectionImpl@4e3ffd0
02-10-2024 14:53:30 BasicClientConnectionManager.java DEBUG [main] conn.BasicClientConnectionManager 225 - Connection can be kept alive indefinitely
{
    "code": 200,
    "type": "unknown",
    "message": "1852661033"
}
02-10-2024 14:53:30 BasicClientConnectionManager.java DEBUG [main] conn.BasicClientConnectionManager 161 - Get connection for route {s}->https://petstore.swagger.io:443
02-10-2024 14:53:30 DefaultClientConnectionOperator.java DEBUG [main] conn.DefaultClientConnectionOperator 177 - Connecting to petstore.swagger.io:443
02-10-2024 14:53:31 RequestAddCookies.java DEBUG [main] protocol.RequestAddCookies 123 - CookieSpec selected: ignoreCookies
02-10-2024 14:53:31 RequestAuthCache.java DEBUG [main] protocol.RequestAuthCache 77 - Auth cache not set in the context
02-10-2024 14:53:31 RequestTargetAuthentication.java DEBUG [main] protocol.RequestTargetAuthentication 80 - Target auth state: UNCHALLENGED
02-10-2024 14:53:31 RequestProxyAuthentication.java DEBUG [main] protocol.RequestProxyAuthentication 89 - Proxy auth state: UNCHALLENGED
02-10-2024 14:53:31 DefaultRequestDirector.java DEBUG [main] client.DefaultHttpClient 677 - Attempt 1 to execute request
02-10-2024 14:53:31 DefaultClientConnection.java DEBUG [main] conn.DefaultClientConnection 274 - Sending request: PUT /v2/user/simon.schowalter HTTP/1.1
02-10-2024 14:53:31 Wire.java DEBUG [main] http.wire 73 -  >> "PUT /v2/user/simon.schowalter HTTP/1.1[\r][\n]"
02-10-2024 14:53:31 Wire.java DEBUG [main] http.wire 73 -  >> "Accept: application/json, application/javascript, text/javascript, text/json[\r][\n]"
02-10-2024 14:53:31 Wire.java DEBUG [main] http.wire 73 -  >> "Content-Type: application/json[\r][\n]"
02-10-2024 14:53:31 Wire.java DEBUG [main] http.wire 73 -  >> "Content-Length: 179[\r][\n]"
02-10-2024 14:53:31 Wire.java DEBUG [main] http.wire 73 -  >> "Host: petstore.swagger.io[\r][\n]"
02-10-2024 14:53:31 Wire.java DEBUG [main] http.wire 73 -  >> "Connection: Keep-Alive[\r][\n]"
02-10-2024 14:53:31 Wire.java DEBUG [main] http.wire 73 -  >> "User-Agent: Apache-HttpClient/4.5.13 (Java/11.0.18)[\r][\n]"
02-10-2024 14:53:31 Wire.java DEBUG [main] http.wire 73 -  >> "Accept-Encoding: gzip,deflate[\r][\n]"
02-10-2024 14:53:31 Wire.java DEBUG [main] http.wire 73 -  >> "[\r][\n]"
02-10-2024 14:53:31 DefaultClientConnection.java DEBUG [main] http.headers 278 - >> PUT /v2/user/simon.schowalter HTTP/1.1
02-10-2024 14:53:31 DefaultClientConnection.java DEBUG [main] http.headers 281 - >> Accept: application/json, application/javascript, text/javascript, text/json
02-10-2024 14:53:31 DefaultClientConnection.java DEBUG [main] http.headers 281 - >> Content-Type: application/json
02-10-2024 14:53:31 DefaultClientConnection.java DEBUG [main] http.headers 281 - >> Content-Length: 179
02-10-2024 14:53:31 DefaultClientConnection.java DEBUG [main] http.headers 281 - >> Host: petstore.swagger.io
02-10-2024 14:53:31 DefaultClientConnection.java DEBUG [main] http.headers 281 - >> Connection: Keep-Alive
02-10-2024 14:53:31 DefaultClientConnection.java DEBUG [main] http.headers 281 - >> User-Agent: Apache-HttpClient/4.5.13 (Java/11.0.18)
02-10-2024 14:53:31 DefaultClientConnection.java DEBUG [main] http.headers 281 - >> Accept-Encoding: gzip,deflate
02-10-2024 14:53:31 Wire.java DEBUG [main] http.wire 87 -  >> "{"id":1852661033,"userName":"simon.schowalter","firstName":"Joshua","lastName":"Moen","email":"preston.davis@example.com","password":"kkkb5","phone":"779-694-5861","userStatus":0}"
02-10-2024 14:53:32 Wire.java DEBUG [main] http.wire 73 -  << "HTTP/1.1 200 OK[\r][\n]"
02-10-2024 14:53:32 Wire.java DEBUG [main] http.wire 73 -  << "Date: Sat, 10 Feb 2024 09:23:32 GMT[\r][\n]"
02-10-2024 14:53:32 Wire.java DEBUG [main] http.wire 73 -  << "Content-Type: application/json[\r][\n]"
02-10-2024 14:53:32 Wire.java DEBUG [main] http.wire 73 -  << "Transfer-Encoding: chunked[\r][\n]"
02-10-2024 14:53:32 Wire.java DEBUG [main] http.wire 73 -  << "Connection: keep-alive[\r][\n]"
02-10-2024 14:53:32 Wire.java DEBUG [main] http.wire 73 -  << "Access-Control-Allow-Origin: *[\r][\n]"
02-10-2024 14:53:32 Wire.java DEBUG [main] http.wire 73 -  << "Access-Control-Allow-Methods: GET, POST, DELETE, PUT[\r][\n]"
02-10-2024 14:53:32 Wire.java DEBUG [main] http.wire 73 -  << "Access-Control-Allow-Headers: Content-Type, api_key, Authorization[\r][\n]"
02-10-2024 14:53:32 Wire.java DEBUG [main] http.wire 73 -  << "Server: Jetty(9.2.9.v20150224)[\r][\n]"
02-10-2024 14:53:32 Wire.java DEBUG [main] http.wire 73 -  << "[\r][\n]"
02-10-2024 14:53:32 DefaultClientConnection.java DEBUG [main] conn.DefaultClientConnection 259 - Receiving response: HTTP/1.1 200 OK
02-10-2024 14:53:32 DefaultClientConnection.java DEBUG [main] http.headers 262 - << HTTP/1.1 200 OK
02-10-2024 14:53:32 DefaultClientConnection.java DEBUG [main] http.headers 265 - << Date: Sat, 10 Feb 2024 09:23:32 GMT
02-10-2024 14:53:32 DefaultClientConnection.java DEBUG [main] http.headers 265 - << Content-Type: application/json
02-10-2024 14:53:32 DefaultClientConnection.java DEBUG [main] http.headers 265 - << Transfer-Encoding: chunked
02-10-2024 14:53:32 DefaultClientConnection.java DEBUG [main] http.headers 265 - << Connection: keep-alive
02-10-2024 14:53:32 DefaultClientConnection.java DEBUG [main] http.headers 265 - << Access-Control-Allow-Origin: *
02-10-2024 14:53:32 DefaultClientConnection.java DEBUG [main] http.headers 265 - << Access-Control-Allow-Methods: GET, POST, DELETE, PUT
02-10-2024 14:53:32 DefaultClientConnection.java DEBUG [main] http.headers 265 - << Access-Control-Allow-Headers: Content-Type, api_key, Authorization
02-10-2024 14:53:32 DefaultClientConnection.java DEBUG [main] http.headers 265 - << Server: Jetty(9.2.9.v20150224)
02-10-2024 14:53:32 DefaultRequestDirector.java DEBUG [main] client.DefaultHttpClient 504 - Connection can be kept alive indefinitely
02-10-2024 14:53:32 HTTPBuilder.java DEBUG [main] internal.RestAssuredHttpBuilder 553 - Parsing response as: application/json
02-10-2024 14:53:32 HTTPBuilder.java DEBUG [main] internal.RestAssuredHttpBuilder 556 - Parsed data to instance of: class org.apache.http.conn.EofSensorInputStream
HTTP/1.1 200 OK
Date: Sat, 10 Feb 2024 09:23:31 GMT
Content-Type: application/json
Transfer-Encoding: chunked
Connection: keep-alive
Access-Control-Allow-Origin: *
Access-Control-Allow-Methods: GET, POST, DELETE, PUT
Access-Control-Allow-Headers: Content-Type, api_key, Authorization
Server: Jetty(9.2.9.v20150224)

{
    "code": 200,
    "type": "unknown",
    "message": "1852661033"
}
]]></system-out>
  </testcase>
  <testcase name="testPostUser" classname="com.api.tests.UserTest" time="1.382">
    <system-out><![CDATA[02-10-2024 14:53:32 BasicClientConnectionManager.java DEBUG [main] conn.BasicClientConnectionManager 161 - Get connection for route {s}->https://petstore.swagger.io:443
02-10-2024 14:53:32 DefaultClientConnectionOperator.java DEBUG [main] conn.DefaultClientConnectionOperator 177 - Connecting to petstore.swagger.io:443
02-10-2024 14:53:33 RequestAddCookies.java DEBUG [main] protocol.RequestAddCookies 123 - CookieSpec selected: ignoreCookies
02-10-2024 14:53:33 RequestAuthCache.java DEBUG [main] protocol.RequestAuthCache 77 - Auth cache not set in the context
02-10-2024 14:53:33 RequestTargetAuthentication.java DEBUG [main] protocol.RequestTargetAuthentication 80 - Target auth state: UNCHALLENGED
02-10-2024 14:53:33 RequestProxyAuthentication.java DEBUG [main] protocol.RequestProxyAuthentication 89 - Proxy auth state: UNCHALLENGED
02-10-2024 14:53:33 DefaultRequestDirector.java DEBUG [main] client.DefaultHttpClient 677 - Attempt 1 to execute request
02-10-2024 14:53:33 DefaultClientConnection.java DEBUG [main] conn.DefaultClientConnection 274 - Sending request: POST /v2/user HTTP/1.1
02-10-2024 14:53:33 Wire.java DEBUG [main] http.wire 73 -  >> "POST /v2/user HTTP/1.1[\r][\n]"
02-10-2024 14:53:33 Wire.java DEBUG [main] http.wire 73 -  >> "Accept: application/json, application/javascript, text/javascript, text/json[\r][\n]"
02-10-2024 14:53:33 Wire.java DEBUG [main] http.wire 73 -  >> "Content-Type: application/json[\r][\n]"
02-10-2024 14:53:33 Wire.java DEBUG [main] http.wire 73 -  >> "Content-Length: 179[\r][\n]"
02-10-2024 14:53:33 Wire.java DEBUG [main] http.wire 73 -  >> "Host: petstore.swagger.io[\r][\n]"
02-10-2024 14:53:33 Wire.java DEBUG [main] http.wire 73 -  >> "Connection: Keep-Alive[\r][\n]"
02-10-2024 14:53:33 Wire.java DEBUG [main] http.wire 73 -  >> "User-Agent: Apache-HttpClient/4.5.13 (Java/11.0.18)[\r][\n]"
02-10-2024 14:53:33 Wire.java DEBUG [main] http.wire 73 -  >> "Accept-Encoding: gzip,deflate[\r][\n]"
02-10-2024 14:53:33 Wire.java DEBUG [main] http.wire 73 -  >> "[\r][\n]"
02-10-2024 14:53:33 DefaultClientConnection.java DEBUG [main] http.headers 278 - >> POST /v2/user HTTP/1.1
02-10-2024 14:53:33 DefaultClientConnection.java DEBUG [main] http.headers 281 - >> Accept: application/json, application/javascript, text/javascript, text/json
02-10-2024 14:53:33 DefaultClientConnection.java DEBUG [main] http.headers 281 - >> Content-Type: application/json
02-10-2024 14:53:33 DefaultClientConnection.java DEBUG [main] http.headers 281 - >> Content-Length: 179
02-10-2024 14:53:33 DefaultClientConnection.java DEBUG [main] http.headers 281 - >> Host: petstore.swagger.io
02-10-2024 14:53:33 DefaultClientConnection.java DEBUG [main] http.headers 281 - >> Connection: Keep-Alive
02-10-2024 14:53:33 DefaultClientConnection.java DEBUG [main] http.headers 281 - >> User-Agent: Apache-HttpClient/4.5.13 (Java/11.0.18)
02-10-2024 14:53:33 DefaultClientConnection.java DEBUG [main] http.headers 281 - >> Accept-Encoding: gzip,deflate
02-10-2024 14:53:33 Wire.java DEBUG [main] http.wire 87 -  >> "{"id":1852661033,"userName":"simon.schowalter","firstName":"Joshua","lastName":"Moen","email":"preston.davis@example.com","password":"kkkb5","phone":"779-694-5861","userStatus":0}"
02-10-2024 14:53:33 Wire.java DEBUG [main] http.wire 73 -  << "HTTP/1.1 200 OK[\r][\n]"
02-10-2024 14:53:33 Wire.java DEBUG [main] http.wire 73 -  << "Date: Sat, 10 Feb 2024 09:23:33 GMT[\r][\n]"
02-10-2024 14:53:33 Wire.java DEBUG [main] http.wire 73 -  << "Content-Type: application/json[\r][\n]"
02-10-2024 14:53:33 Wire.java DEBUG [main] http.wire 73 -  << "Transfer-Encoding: chunked[\r][\n]"
02-10-2024 14:53:33 Wire.java DEBUG [main] http.wire 73 -  << "Connection: keep-alive[\r][\n]"
02-10-2024 14:53:33 Wire.java DEBUG [main] http.wire 73 -  << "Access-Control-Allow-Origin: *[\r][\n]"
02-10-2024 14:53:33 Wire.java DEBUG [main] http.wire 73 -  << "Access-Control-Allow-Methods: GET, POST, DELETE, PUT[\r][\n]"
02-10-2024 14:53:33 Wire.java DEBUG [main] http.wire 73 -  << "Access-Control-Allow-Headers: Content-Type, api_key, Authorization[\r][\n]"
02-10-2024 14:53:33 Wire.java DEBUG [main] http.wire 73 -  << "Server: Jetty(9.2.9.v20150224)[\r][\n]"
02-10-2024 14:53:33 Wire.java DEBUG [main] http.wire 73 -  << "[\r][\n]"
02-10-2024 14:53:33 DefaultClientConnection.java DEBUG [main] conn.DefaultClientConnection 259 - Receiving response: HTTP/1.1 200 OK
02-10-2024 14:53:33 DefaultClientConnection.java DEBUG [main] http.headers 262 - << HTTP/1.1 200 OK
02-10-2024 14:53:33 DefaultClientConnection.java DEBUG [main] http.headers 265 - << Date: Sat, 10 Feb 2024 09:23:33 GMT
02-10-2024 14:53:33 DefaultClientConnection.java DEBUG [main] http.headers 265 - << Content-Type: application/json
02-10-2024 14:53:33 DefaultClientConnection.java DEBUG [main] http.headers 265 - << Transfer-Encoding: chunked
02-10-2024 14:53:33 DefaultClientConnection.java DEBUG [main] http.headers 265 - << Connection: keep-alive
02-10-2024 14:53:33 DefaultClientConnection.java DEBUG [main] http.headers 265 - << Access-Control-Allow-Origin: *
02-10-2024 14:53:33 DefaultClientConnection.java DEBUG [main] http.headers 265 - << Access-Control-Allow-Methods: GET, POST, DELETE, PUT
02-10-2024 14:53:33 DefaultClientConnection.java DEBUG [main] http.headers 265 - << Access-Control-Allow-Headers: Content-Type, api_key, Authorization
02-10-2024 14:53:33 DefaultClientConnection.java DEBUG [main] http.headers 265 - << Server: Jetty(9.2.9.v20150224)
02-10-2024 14:53:33 DefaultRequestDirector.java DEBUG [main] client.DefaultHttpClient 504 - Connection can be kept alive indefinitely
02-10-2024 14:53:33 HTTPBuilder.java DEBUG [main] internal.RestAssuredHttpBuilder 553 - Parsing response as: application/json
02-10-2024 14:53:33 HTTPBuilder.java DEBUG [main] internal.RestAssuredHttpBuilder 556 - Parsed data to instance of: class org.apache.http.conn.EofSensorInputStream
02-10-2024 14:53:33 Wire.java DEBUG [main] http.wire 73 -  << "34[\r][\n]"
02-10-2024 14:53:33 Wire.java DEBUG [main] http.wire 87 -  << "{"code":200,"type":"unknown","message":"1852661033"}"
02-10-2024 14:53:33 Wire.java DEBUG [main] http.wire 73 -  << "[\r][\n]"
02-10-2024 14:53:33 Wire.java DEBUG [main] http.wire 73 -  << "0[\r][\n]"
02-10-2024 14:53:33 Wire.java DEBUG [main] http.wire 73 -  << "[\r][\n]"
02-10-2024 14:53:33 BasicClientConnectionManager.java DEBUG [main] conn.BasicClientConnectionManager 200 - Releasing connection org.apache.http.impl.conn.ManagedClientConnectionImpl@6e78177b
02-10-2024 14:53:33 BasicClientConnectionManager.java DEBUG [main] conn.BasicClientConnectionManager 225 - Connection can be kept alive indefinitely
HTTP/1.1 200 OK
Date: Sat, 10 Feb 2024 09:23:33 GMT
Content-Type: application/json
Transfer-Encoding: chunked
Connection: keep-alive
Access-Control-Allow-Origin: *
Access-Control-Allow-Methods: GET, POST, DELETE, PUT
Access-Control-Allow-Headers: Content-Type, api_key, Authorization
Server: Jetty(9.2.9.v20150224)

{
    "code": 200,
    "type": "unknown",
    "message": "1852661033"
}
]]></system-out>
  </testcase>
  <testcase name="testGetUserByNae" classname="com.api.tests.UserTest" time="1.26">
    <failure message="expected [200] but found [404]" type="java.lang.AssertionError"><![CDATA[java.lang.AssertionError: expected [200] but found [404]
	at org.testng.Assert.fail(Assert.java:111)
	at org.testng.Assert.failNotEquals(Assert.java:1578)
	at org.testng.Assert.assertEqualsImpl(Assert.java:150)
	at org.testng.Assert.assertEquals(Assert.java:132)
	at org.testng.Assert.assertEquals(Assert.java:1419)
	at org.testng.Assert.assertEquals(Assert.java:1383)
	at org.testng.Assert.assertEquals(Assert.java:1429)
	at com.api.tests.UserTest.testGetUserByNae(UserTest.java:53)
	at java.base/jdk.internal.reflect.NativeMethodAccessorImpl.invoke0(Native Method)
	at java.base/jdk.internal.reflect.NativeMethodAccessorImpl.invoke(NativeMethodAccessorImpl.java:62)
	at java.base/jdk.internal.reflect.DelegatingMethodAccessorImpl.invoke(DelegatingMethodAccessorImpl.java:43)
	at java.base/java.lang.reflect.Method.invoke(Method.java:566)
	at org.testng.internal.invokers.MethodInvocationHelper.invokeMethod(MethodInvocationHelper.java:139)
	at org.testng.internal.invokers.TestInvoker.invokeMethod(TestInvoker.java:664)
	at org.testng.internal.invokers.TestInvoker.invokeTestMethod(TestInvoker.java:228)
	at org.testng.internal.invokers.MethodRunner.runInSequence(MethodRunner.java:63)
	at org.testng.internal.invokers.TestInvoker$MethodInvocationAgent.invoke(TestInvoker.java:961)
	at org.testng.internal.invokers.TestInvoker.invokeTestMethods(TestInvoker.java:201)
	at org.testng.internal.invokers.TestMethodWorker.invokeTestMethods(TestMethodWorker.java:148)
	at org.testng.internal.invokers.TestMethodWorker.run(TestMethodWorker.java:128)
	at java.base/java.util.ArrayList.forEach(ArrayList.java:1541)
	at org.testng.TestRunner.privateRun(TestRunner.java:819)
	at org.testng.TestRunner.run(TestRunner.java:619)
	at org.testng.SuiteRunner.runTest(SuiteRunner.java:443)
	at org.testng.SuiteRunner.runSequentially(SuiteRunner.java:437)
	at org.testng.SuiteRunner.privateRun(SuiteRunner.java:397)
	at org.testng.SuiteRunner.run(SuiteRunner.java:336)
	at org.testng.SuiteRunnerWorker.runSuite(SuiteRunnerWorker.java:52)
	at org.testng.SuiteRunnerWorker.run(SuiteRunnerWorker.java:95)
	at org.testng.TestNG.runSuitesSequentially(TestNG.java:1301)
	at org.testng.TestNG.runSuitesLocally(TestNG.java:1228)
	at org.testng.TestNG.runSuites(TestNG.java:1134)
	at org.testng.TestNG.run(TestNG.java:1101)
	at org.apache.maven.surefire.testng.TestNGExecutor.run(TestNGExecutor.java:308)
	at org.apache.maven.surefire.testng.TestNGXmlTestSuite.execute(TestNGXmlTestSuite.java:71)
	at org.apache.maven.surefire.testng.TestNGProvider.invoke(TestNGProvider.java:113)
	at org.apache.maven.surefire.booter.ForkedBooter.runSuitesInProcess(ForkedBooter.java:385)
	at org.apache.maven.surefire.booter.ForkedBooter.execute(ForkedBooter.java:162)
	at org.apache.maven.surefire.booter.ForkedBooter.run(ForkedBooter.java:507)
	at org.apache.maven.surefire.booter.ForkedBooter.main(ForkedBooter.java:495)
]]></failure>
    <system-out><![CDATA[02-10-2024 14:53:33 BasicClientConnectionManager.java DEBUG [main] conn.BasicClientConnectionManager 161 - Get connection for route {s}->https://petstore.swagger.io:443
02-10-2024 14:53:33 DefaultClientConnectionOperator.java DEBUG [main] conn.DefaultClientConnectionOperator 177 - Connecting to petstore.swagger.io:443
02-10-2024 14:53:34 RequestAddCookies.java DEBUG [main] protocol.RequestAddCookies 123 - CookieSpec selected: ignoreCookies
02-10-2024 14:53:34 RequestAuthCache.java DEBUG [main] protocol.RequestAuthCache 77 - Auth cache not set in the context
02-10-2024 14:53:34 RequestTargetAuthentication.java DEBUG [main] protocol.RequestTargetAuthentication 80 - Target auth state: UNCHALLENGED
02-10-2024 14:53:34 RequestProxyAuthentication.java DEBUG [main] protocol.RequestProxyAuthentication 89 - Proxy auth state: UNCHALLENGED
02-10-2024 14:53:34 DefaultRequestDirector.java DEBUG [main] client.DefaultHttpClient 677 - Attempt 1 to execute request
02-10-2024 14:53:34 DefaultClientConnection.java DEBUG [main] conn.DefaultClientConnection 274 - Sending request: GET /v2/user/simon.schowalter HTTP/1.1
02-10-2024 14:53:34 Wire.java DEBUG [main] http.wire 73 -  >> "GET /v2/user/simon.schowalter HTTP/1.1[\r][\n]"
02-10-2024 14:53:34 Wire.java DEBUG [main] http.wire 73 -  >> "Accept: */*[\r][\n]"
02-10-2024 14:53:34 Wire.java DEBUG [main] http.wire 73 -  >> "Host: petstore.swagger.io[\r][\n]"
02-10-2024 14:53:34 Wire.java DEBUG [main] http.wire 73 -  >> "Connection: Keep-Alive[\r][\n]"
02-10-2024 14:53:34 Wire.java DEBUG [main] http.wire 73 -  >> "User-Agent: Apache-HttpClient/4.5.13 (Java/11.0.18)[\r][\n]"
02-10-2024 14:53:34 Wire.java DEBUG [main] http.wire 73 -  >> "Accept-Encoding: gzip,deflate[\r][\n]"
02-10-2024 14:53:34 Wire.java DEBUG [main] http.wire 73 -  >> "[\r][\n]"
02-10-2024 14:53:34 DefaultClientConnection.java DEBUG [main] http.headers 278 - >> GET /v2/user/simon.schowalter HTTP/1.1
02-10-2024 14:53:34 DefaultClientConnection.java DEBUG [main] http.headers 281 - >> Accept: */*
02-10-2024 14:53:34 DefaultClientConnection.java DEBUG [main] http.headers 281 - >> Host: petstore.swagger.io
02-10-2024 14:53:34 DefaultClientConnection.java DEBUG [main] http.headers 281 - >> Connection: Keep-Alive
02-10-2024 14:53:34 DefaultClientConnection.java DEBUG [main] http.headers 281 - >> User-Agent: Apache-HttpClient/4.5.13 (Java/11.0.18)
02-10-2024 14:53:34 DefaultClientConnection.java DEBUG [main] http.headers 281 - >> Accept-Encoding: gzip,deflate
02-10-2024 14:53:34 Wire.java DEBUG [main] http.wire 73 -  << "HTTP/1.1 404 Not Found[\r][\n]"
02-10-2024 14:53:34 Wire.java DEBUG [main] http.wire 73 -  << "Date: Sat, 10 Feb 2024 09:23:35 GMT[\r][\n]"
02-10-2024 14:53:34 Wire.java DEBUG [main] http.wire 73 -  << "Content-Type: application/json[\r][\n]"
02-10-2024 14:53:34 Wire.java DEBUG [main] http.wire 73 -  << "Transfer-Encoding: chunked[\r][\n]"
02-10-2024 14:53:34 Wire.java DEBUG [main] http.wire 73 -  << "Connection: keep-alive[\r][\n]"
02-10-2024 14:53:34 Wire.java DEBUG [main] http.wire 73 -  << "Access-Control-Allow-Origin: *[\r][\n]"
02-10-2024 14:53:34 Wire.java DEBUG [main] http.wire 73 -  << "Access-Control-Allow-Methods: GET, POST, DELETE, PUT[\r][\n]"
02-10-2024 14:53:34 Wire.java DEBUG [main] http.wire 73 -  << "Access-Control-Allow-Headers: Content-Type, api_key, Authorization[\r][\n]"
02-10-2024 14:53:34 Wire.java DEBUG [main] http.wire 73 -  << "Server: Jetty(9.2.9.v20150224)[\r][\n]"
02-10-2024 14:53:34 Wire.java DEBUG [main] http.wire 73 -  << "[\r][\n]"
02-10-2024 14:53:34 DefaultClientConnection.java DEBUG [main] conn.DefaultClientConnection 259 - Receiving response: HTTP/1.1 404 Not Found
02-10-2024 14:53:34 DefaultClientConnection.java DEBUG [main] http.headers 262 - << HTTP/1.1 404 Not Found
02-10-2024 14:53:34 DefaultClientConnection.java DEBUG [main] http.headers 265 - << Date: Sat, 10 Feb 2024 09:23:35 GMT
02-10-2024 14:53:34 DefaultClientConnection.java DEBUG [main] http.headers 265 - << Content-Type: application/json
02-10-2024 14:53:34 DefaultClientConnection.java DEBUG [main] http.headers 265 - << Transfer-Encoding: chunked
02-10-2024 14:53:34 DefaultClientConnection.java DEBUG [main] http.headers 265 - << Connection: keep-alive
02-10-2024 14:53:34 DefaultClientConnection.java DEBUG [main] http.headers 265 - << Access-Control-Allow-Origin: *
02-10-2024 14:53:34 DefaultClientConnection.java DEBUG [main] http.headers 265 - << Access-Control-Allow-Methods: GET, POST, DELETE, PUT
02-10-2024 14:53:34 DefaultClientConnection.java DEBUG [main] http.headers 265 - << Access-Control-Allow-Headers: Content-Type, api_key, Authorization
02-10-2024 14:53:34 DefaultClientConnection.java DEBUG [main] http.headers 265 - << Server: Jetty(9.2.9.v20150224)
02-10-2024 14:53:34 DefaultRequestDirector.java DEBUG [main] client.DefaultHttpClient 504 - Connection can be kept alive indefinitely
02-10-2024 14:53:34 HTTPBuilder.java DEBUG [main] internal.RestAssuredHttpBuilder 553 - Parsing response as: application/json
02-10-2024 14:53:34 HTTPBuilder.java DEBUG [main] internal.RestAssuredHttpBuilder 556 - Parsed data to instance of: class org.apache.http.conn.EofSensorInputStream
02-10-2024 14:53:34 Wire.java DEBUG [main] http.wire 73 -  << "34[\r][\n]"
02-10-2024 14:53:34 Wire.java DEBUG [main] http.wire 87 -  << "{"code":1,"type":"error","message":"User not found"}"
02-10-2024 14:53:34 Wire.java DEBUG [main] http.wire 73 -  << "[\r][\n]"
02-10-2024 14:53:34 Wire.java DEBUG [main] http.wire 73 -  << "0[\r][\n]"
02-10-2024 14:53:34 Wire.java DEBUG [main] http.wire 73 -  << "[\r][\n]"
02-10-2024 14:53:34 BasicClientConnectionManager.java DEBUG [main] conn.BasicClientConnectionManager 200 - Releasing connection org.apache.http.impl.conn.ManagedClientConnectionImpl@3855b27e
02-10-2024 14:53:34 BasicClientConnectionManager.java DEBUG [main] conn.BasicClientConnectionManager 225 - Connection can be kept alive indefinitely
HTTP/1.1 404 Not Found
Date: Sat, 10 Feb 2024 09:23:35 GMT
Content-Type: application/json
Transfer-Encoding: chunked
Connection: keep-alive
Access-Control-Allow-Origin: *
Access-Control-Allow-Methods: GET, POST, DELETE, PUT
Access-Control-Allow-Headers: Content-Type, api_key, Authorization
Server: Jetty(9.2.9.v20150224)

{
    "code": 1,
    "type": "error",
    "message": "User not found"
}
]]></system-out>
  </testcase>
</testsuite>