<?xml version="1.0" encoding="UTF-8"?>
<testng-results ignored="0" total="4" passed="4" failed="0" skipped="0">
  <reporter-output>
  </reporter-output>
  <suite started-at="2024-02-10T14:48:16 IST" name="Default suite" finished-at="2024-02-10T14:48:26 IST" duration-ms="10656">
    <groups>
    </groups>
    <test started-at="2024-02-10T14:48:16 IST" name="Default test" finished-at="2024-02-10T14:48:26 IST" duration-ms="10656">
      <class name="com.api.tests.UserTest2">
        <test-method is-config="true" signature="setUp()[pri:0, instance:com.api.tests.UserTest2@33bc72d1]" started-at="2024-02-10T14:48:16 IST" name="setUp" finished-at="2024-02-10T14:48:16 IST" duration-ms="472" status="PASS">
          <reporter-output>
          </reporter-output>
        </test-method> <!-- setUp -->
        <test-method signature="testPostUser()[pri:1, instance:com.api.tests.UserTest2@33bc72d1]" started-at="2024-02-10T14:48:16 IST" name="testPostUser" finished-at="2024-02-10T14:48:21 IST" duration-ms="4793" status="PASS">
          <reporter-output>
          </reporter-output>
        </test-method> <!-- testPostUser -->
        <test-method signature="testGetUserByNae()[pri:2, instance:com.api.tests.UserTest2@33bc72d1]" started-at="2024-02-10T14:48:21 IST" name="testGetUserByNae" finished-at="2024-02-10T14:48:22 IST" duration-ms="1356" status="PASS">
          <reporter-output>
          </reporter-output>
        </test-method> <!-- testGetUserByNae -->
        <test-method signature="testUpdateUserByName()[pri:3, instance:com.api.tests.UserTest2@33bc72d1]" started-at="2024-02-10T14:48:22 IST" name="testUpdateUserByName" finished-at="2024-02-10T14:48:25 IST" duration-ms="2620" status="PASS">
          <reporter-output>
          </reporter-output>
        </test-method> <!-- testUpdateUserByName -->
        <test-method signature="testDeleteUserByName()[pri:4, instance:com.api.tests.UserTest2@33bc72d1]" started-at="2024-02-10T14:48:25 IST" name="testDeleteUserByName" finished-at="2024-02-10T14:48:26 IST" duration-ms="1299" status="PASS">
          <reporter-output>
          </reporter-output>
        </test-method> <!-- testDeleteUserByName -->
      </class> <!-- com.api.tests.UserTest2 -->
    </test> <!-- Default test -->
  </suite> <!-- Default suite -->
</testng-results>
